[0m2021.10.06 15:37:50 INFO  Started: Metals version 0.10.7 in workspace 'C:\Users\sri hasan prakash\Desktop\KLU STUFF\SEM 5 CLASSES\VUE\second' for client Visual Studio Code 1.60.2.[0m
[0m2021.10.06 15:37:52 INFO  time: initialize in 1.81s[0m
[0m2021.10.06 15:37:55 WARN  Build server is not auto-connectable.[0m
[0m2021.10.06 15:37:55 WARN  no build tool detected in workspace 'C:\Users\sri hasan prakash\Desktop\KLU STUFF\SEM 5 CLASSES\VUE\second'. The most common cause for this problem is that the editor was opened in the wrong working directory, for example if you use sbt then the workspace directory should contain build.sbt. [0m
Oct 06, 2021 3:38:57 PM org.eclipse.lsp4j.jsonrpc.services.GenericEndpoint notify
INFO: Unsupported notification method: $/setTrace
[0m2021.10.06 16:57:02 INFO  shutting down Metals[0m
[0m2021.10.07 11:39:29 INFO  Started: Metals version 0.10.7 in workspace 'C:\Users\sri hasan prakash\Desktop\KLU STUFF\SEM 5 CLASSES\VUE\second' for client Visual Studio Code 1.60.2.[0m
[0m2021.10.07 11:39:31 INFO  time: initialize in 1.86s[0m
[0m2021.10.07 11:39:34 WARN  Build server is not auto-connectable.[0m
[0m2021.10.07 11:39:34 WARN  no build tool detected in workspace 'C:\Users\sri hasan prakash\Desktop\KLU STUFF\SEM 5 CLASSES\VUE\second'. The most common cause for this problem is that the editor was opened in the wrong working directory, for example if you use sbt then the workspace directory should contain build.sbt. [0m
[0m2021.10.07 12:41:55 INFO  shutting down Metals[0m
[0m2021.10.07 16:13:44 INFO  Started: Metals version 0.10.7 in workspace 'C:\Users\sri hasan prakash\Desktop\KLU STUFF\SEM 5 CLASSES\VUE\second' for client Visual Studio Code 1.60.2.[0m
[0m2021.10.07 16:13:46 INFO  time: initialize in 2.76s[0m
[0m2021.10.07 16:13:49 WARN  Build server is not auto-connectable.[0m
[0m2021.10.07 16:13:49 WARN  no build tool detected in workspace 'C:\Users\sri hasan prakash\Desktop\KLU STUFF\SEM 5 CLASSES\VUE\second'. The most common cause for this problem is that the editor was opened in the wrong working directory, for example if you use sbt then the workspace directory should contain build.sbt. [0m
[0m2021.10.07 16:13:50 WARN  no build target for: C:\Users\sri hasan prakash\Desktop\KLU STUFF\SEM 5 CLASSES\VUE\second\src\components\hi.scala[0m
[0m2021.10.07 16:14:14 INFO  no build target: using presentation compiler with only scala-library: 2.12.15[0m
[0m2021.10.07 16:15:49 ERROR text document: file:///c:/Users/sri%20hasan%20prakash/Desktop/KLU%20STUFF/SEM%205%20CLASSES/VUE/second/src/components/hi.scala
java.nio.file.NoSuchFileException: c:\Users\sri hasan prakash\Desktop\KLU STUFF\SEM 5 CLASSES\VUE\second\src\components\hi.scala
	at sun.nio.fs.WindowsException.translateToIOException(WindowsException.java:79)
	at sun.nio.fs.WindowsException.rethrowAsIOException(WindowsException.java:97)
	at sun.nio.fs.WindowsException.rethrowAsIOException(WindowsException.java:102)
	at sun.nio.fs.WindowsFileSystemProvider.newByteChannel(WindowsFileSystemProvider.java:230)
	at java.nio.file.Files.newByteChannel(Files.java:361)
	at java.nio.file.Files.newByteChannel(Files.java:407)
	at java.nio.file.Files.readAllBytes(Files.java:3152)
	at scala.meta.internal.io.PlatformFileIO$.slurp(PlatformFileIO.scala:45)
	at scala.meta.internal.io.FileIO$.slurp(FileIO.scala:24)
	at scala.meta.internal.metals.InteractiveSemanticdbs.$anonfun$textDocument$2(InteractiveSemanticdbs.scala:85)
	at scala.Option.getOrElse(Option.scala:189)
	at scala.meta.internal.metals.InteractiveSemanticdbs.$anonfun$textDocument$1(InteractiveSemanticdbs.scala:85)
	at java.util.HashMap.compute(HashMap.java:1197)
	at java.util.Collections$SynchronizedMap.compute(Collections.java:2684)
	at scala.meta.internal.metals.InteractiveSemanticdbs.textDocument(InteractiveSemanticdbs.scala:84)
	at scala.meta.internal.metals.InteractiveSemanticdbs.textDocument(InteractiveSemanticdbs.scala:58)
	at scala.meta.internal.metals.AggregateSemanticdbs.loop$1(AggregateSemanticdbs.scala:30)
	at scala.meta.internal.metals.AggregateSemanticdbs.textDocument(AggregateSemanticdbs.scala:36)
	at scala.meta.internal.metals.CodeLensProvider.findLenses(CodeLensProvider.scala:22)
	at scala.meta.internal.metals.MetalsLanguageServer.$anonfun$codeLens$2(MetalsLanguageServer.scala:1531)
	at scala.meta.internal.metals.TimerProvider.timedThunk(TimerProvider.scala:25)
	at scala.meta.internal.metals.MetalsLanguageServer.$anonfun$codeLens$1(MetalsLanguageServer.scala:1529)
	at scala.meta.internal.metals.CancelTokens$.$anonfun$apply$2(CancelTokens.scala:26)
	at scala.concurrent.Future$.$anonfun$apply$1(Future.scala:659)
	at scala.util.Success.$anonfun$map$1(Try.scala:255)
	at scala.util.Success.map(Try.scala:213)
	at scala.concurrent.Future.$anonfun$map$1(Future.scala:292)
	at scala.concurrent.impl.Promise.liftedTree1$1(Promise.scala:33)
	at scala.concurrent.impl.Promise.$anonfun$transform$1(Promise.scala:33)
	at scala.concurrent.impl.CallbackRunnable.run(Promise.scala:64)
	at java.util.concurrent.ThreadPoolExecutor.runWorker(ThreadPoolExecutor.java:1149)
	at java.util.concurrent.ThreadPoolExecutor$Worker.run(ThreadPoolExecutor.java:624)
	at java.lang.Thread.run(Thread.java:748)
[0m
Oct 07, 2021 4:15:51 PM org.eclipse.lsp4j.jsonrpc.RemoteEndpoint handleCancellation
WARNING: Unmatched cancel notification for request id 6
Oct 07, 2021 4:15:51 PM org.eclipse.lsp4j.jsonrpc.RemoteEndpoint handleCancellation
WARNING: Unmatched cancel notification for request id 5
[0m2021.10.07 16:20:39 INFO  shutting down Metals[0m
[0m2021.10.15 13:27:20 INFO  Started: Metals version 0.10.7 in workspace 'C:\Users\sri hasan prakash\Desktop\KLU STUFF\SEM 5 CLASSES\VUE\second' for client Visual Studio Code 1.61.1.[0m
[0m2021.10.15 13:27:22 INFO  time: initialize in 2.22s[0m
[0m2021.10.15 13:27:32 WARN  Build server is not auto-connectable.[0m
[0m2021.10.15 13:27:32 WARN  no build tool detected in workspace 'C:\Users\sri hasan prakash\Desktop\KLU STUFF\SEM 5 CLASSES\VUE\second'. The most common cause for this problem is that the editor was opened in the wrong working directory, for example if you use sbt then the workspace directory should contain build.sbt. [0m
[0m2021.10.15 13:31:56 INFO  shutting down Metals[0m
[0m2021.10.18 14:03:11 INFO  Started: Metals version 0.10.7 in workspace 'C:\Users\sri hasan prakash\Desktop\KLU STUFF\SEM 5 CLASSES\VUE\second' for client Visual Studio Code 1.61.1.[0m
[0m2021.10.18 14:03:12 INFO  time: initialize in 1.62s[0m
[0m2021.10.18 14:03:14 WARN  Build server is not auto-connectable.[0m
[0m2021.10.18 14:03:14 WARN  no build tool detected in workspace 'C:\Users\sri hasan prakash\Desktop\KLU STUFF\SEM 5 CLASSES\VUE\second'. The most common cause for this problem is that the editor was opened in the wrong working directory, for example if you use sbt then the workspace directory should contain build.sbt. [0m
[0m2021.10.20 12:01:59 INFO  Started: Metals version 0.10.7 in workspace 'C:\Users\sri hasan prakash\Desktop\KLU STUFF\SEM 5 CLASSES\VUE\second' for client Visual Studio Code 1.61.1.[0m
[0m2021.10.20 12:02:02 INFO  time: initialize in 3.71s[0m
[0m2021.10.20 12:02:08 WARN  Build server is not auto-connectable.[0m
[0m2021.10.20 12:02:08 WARN  no build tool detected in workspace 'C:\Users\sri hasan prakash\Desktop\KLU STUFF\SEM 5 CLASSES\VUE\second'. The most common cause for this problem is that the editor was opened in the wrong working directory, for example if you use sbt then the workspace directory should contain build.sbt. [0m
[0m2021.10.20 18:42:48 INFO  shutting down Metals[0m
[0m2021.10.21 15:14:20 INFO  Started: Metals version 0.10.7 in workspace 'C:\Users\sri hasan prakash\Desktop\KLU STUFF\SEM 5 CLASSES\VUE\second' for client Visual Studio Code 1.61.2.[0m
[0m2021.10.21 15:14:21 INFO  time: initialize in 1.48s[0m
[0m2021.10.21 15:14:23 WARN  Build server is not auto-connectable.[0m
[0m2021.10.21 15:14:23 WARN  no build tool detected in workspace 'C:\Users\sri hasan prakash\Desktop\KLU STUFF\SEM 5 CLASSES\VUE\second'. The most common cause for this problem is that the editor was opened in the wrong working directory, for example if you use sbt then the workspace directory should contain build.sbt. [0m
[0m2021.10.21 15:55:10 INFO  shutting down Metals[0m
[0m2021.10.21 16:28:13 INFO  Started: Metals version 0.10.7 in workspace 'C:\Users\sri hasan prakash\Desktop\KLU STUFF\SEM 5 CLASSES\VUE\second' for client Visual Studio Code 1.61.2.[0m
[0m2021.10.21 16:28:17 INFO  time: initialize in 3.75s[0m
[0m2021.10.21 16:28:26 WARN  Build server is not auto-connectable.[0m
[0m2021.10.21 16:28:26 WARN  no build tool detected in workspace 'C:\Users\sri hasan prakash\Desktop\KLU STUFF\SEM 5 CLASSES\VUE\second'. The most common cause for this problem is that the editor was opened in the wrong working directory, for example if you use sbt then the workspace directory should contain build.sbt. [0m
[0m2021.10.21 16:33:36 INFO  Started: Metals version 0.10.7 in workspace 'C:\Users\sri hasan prakash\Desktop\KLU STUFF\SEM 5 CLASSES\VUE\second' for client Visual Studio Code 1.61.2.[0m
[0m2021.10.21 16:33:37 INFO  time: initialize in 1.66s[0m
[0m2021.10.21 16:33:43 WARN  Build server is not auto-connectable.[0m
[0m2021.10.21 16:33:43 WARN  no build tool detected in workspace 'C:\Users\sri hasan prakash\Desktop\KLU STUFF\SEM 5 CLASSES\VUE\second'. The most common cause for this problem is that the editor was opened in the wrong working directory, for example if you use sbt then the workspace directory should contain build.sbt. [0m
[0m2021.10.21 16:35:51 INFO  shutting down Metals[0m
[0m2021.10.21 16:42:12 INFO  Started: Metals version 0.10.7 in workspace 'C:\Users\sri hasan prakash\Desktop\KLU STUFF\SEM 5 CLASSES\VUE\second' for client Visual Studio Code 1.61.2.[0m
[0m2021.10.21 16:42:13 INFO  time: initialize in 1.69s[0m
[0m2021.10.21 16:42:15 WARN  Build server is not auto-connectable.[0m
[0m2021.10.21 16:42:15 WARN  no build tool detected in workspace 'C:\Users\sri hasan prakash\Desktop\KLU STUFF\SEM 5 CLASSES\VUE\second'. The most common cause for this problem is that the editor was opened in the wrong working directory, for example if you use sbt then the workspace directory should contain build.sbt. [0m
[0m2021.10.21 16:57:12 INFO  shutting down Metals[0m
[0m2021.10.23 18:40:59 INFO  Started: Metals version 0.10.7 in workspace 'C:\Users\sri hasan prakash\Desktop\KLU STUFF\SEM 5 CLASSES\VUE\second' for client Visual Studio Code 1.61.2.[0m
[0m2021.10.23 18:41:01 INFO  time: initialize in 1.7s[0m
[0m2021.10.23 18:41:05 WARN  Build server is not auto-connectable.[0m
[0m2021.10.23 18:41:05 WARN  no build tool detected in workspace 'C:\Users\sri hasan prakash\Desktop\KLU STUFF\SEM 5 CLASSES\VUE\second'. The most common cause for this problem is that the editor was opened in the wrong working directory, for example if you use sbt then the workspace directory should contain build.sbt. [0m
[0m2021.10.23 19:46:12 INFO  shutting down Metals[0m
